0 info it worked if it ends with ok
1 verbose cli [ '/usr/bin/nodejs', '/usr/bin/npm', 'install', 'node' ]
2 info using npm@3.5.2
3 info using node@v4.2.6
4 silly loadCurrentTree Starting
5 silly install loadCurrentTree
6 silly install readLocalPackageData
7 silly fetchPackageMetaData node
8 silly fetchNamedPackageData node
9 silly mapToRegistry name node
10 silly mapToRegistry using default registry
11 silly mapToRegistry registry https://registry.npmjs.org/
12 silly mapToRegistry uri https://registry.npmjs.org/node
13 verbose request uri https://registry.npmjs.org/node
14 verbose request no auth needed
15 info attempt registry request try #1 at 11:52:44 PM
16 verbose request id 30a756e762dc6496
17 http request GET https://registry.npmjs.org/node
18 http 200 https://registry.npmjs.org/node
19 verbose headers { server: 'nginx/1.10.3',
19 verbose headers   'content-type': 'application/json',
19 verbose headers   'last-modified': 'Fri, 01 Sep 2017 16:19:59 GMT',
19 verbose headers   etag: 'W/"59a988af-4e335"',
19 verbose headers   'content-encoding': 'gzip',
19 verbose headers   'cache-control': 'max-age=300',
19 verbose headers   'content-length': '51496',
19 verbose headers   'accept-ranges': 'bytes',
19 verbose headers   date: 'Mon, 04 Sep 2017 06:52:44 GMT',
19 verbose headers   via: '1.1 varnish',
19 verbose headers   age: '233',
19 verbose headers   connection: 'keep-alive',
19 verbose headers   'x-served-by': 'cache-sea1036-SEA',
19 verbose headers   'x-cache': 'HIT',
19 verbose headers   'x-cache-hits': '1',
19 verbose headers   'x-timer': 'S1504507964.497259,VS0,VE1',
19 verbose headers   vary: 'Accept-Encoding, Accept' }
20 silly get cb [ 200,
20 silly get   { server: 'nginx/1.10.3',
20 silly get     'content-type': 'application/json',
20 silly get     'last-modified': 'Fri, 01 Sep 2017 16:19:59 GMT',
20 silly get     etag: 'W/"59a988af-4e335"',
20 silly get     'content-encoding': 'gzip',
20 silly get     'cache-control': 'max-age=300',
20 silly get     'content-length': '51496',
20 silly get     'accept-ranges': 'bytes',
20 silly get     date: 'Mon, 04 Sep 2017 06:52:44 GMT',
20 silly get     via: '1.1 varnish',
20 silly get     age: '233',
20 silly get     connection: 'keep-alive',
20 silly get     'x-served-by': 'cache-sea1036-SEA',
20 silly get     'x-cache': 'HIT',
20 silly get     'x-cache-hits': '1',
20 silly get     'x-timer': 'S1504507964.497259,VS0,VE1',
20 silly get     vary: 'Accept-Encoding, Accept' } ]
21 verbose get saving node to /home/cosmo/.npm/registry.npmjs.org/node/.cache.json
22 verbose makeDirectory /home/cosmo/.npm creation not in flight; initializing
23 silly makeDirectory /home/cosmo/.npm uid: 1000 gid: 1000
24 silly install normalizeTree
25 silly loadCurrentTree Finishing
26 silly loadIdealTree Starting
27 silly install loadIdealTree
28 silly cloneCurrentTree Starting
29 silly install cloneCurrentTreeToIdealTree
30 silly cloneCurrentTree Finishing
31 silly loadShrinkwrap Starting
32 silly install loadShrinkwrap
33 silly loadShrinkwrap Finishing
34 silly loadAllDepsIntoIdealTree Starting
35 silly install loadAllDepsIntoIdealTree
36 silly resolveWithNewModule node@8.3.0 checking installable status
37 silly cache add args [ 'node', null ]
38 verbose cache add spec node
39 silly cache add parsed spec Result {
39 silly cache add   raw: 'node',
39 silly cache add   scope: null,
39 silly cache add   name: 'node',
39 silly cache add   rawSpec: '',
39 silly cache add   spec: 'latest',
39 silly cache add   type: 'tag' }
40 silly addNamed node@latest
41 verbose addNamed "latest" is being treated as a dist-tag for node
42 info addNameTag [ 'node', 'latest' ]
43 silly mapToRegistry name node
44 silly mapToRegistry using default registry
45 silly mapToRegistry registry https://registry.npmjs.org/
46 silly mapToRegistry uri https://registry.npmjs.org/node
47 verbose addNameTag registry:https://registry.npmjs.org/node not in flight; fetching
48 verbose get https://registry.npmjs.org/node not expired, no request
49 silly addNameTag next cb for node with tag latest
50 silly addNamed node@8.3.0
51 verbose addNamed "8.3.0" is a plain semver version for node
52 silly mapToRegistry name node
53 silly mapToRegistry using default registry
54 silly mapToRegistry registry https://registry.npmjs.org/
55 silly mapToRegistry uri https://registry.npmjs.org/node
56 verbose addRemoteTarball https://registry.npmjs.org/node/-/node-8.3.0.tgz not in flight; adding
57 verbose addRemoteTarball [ 'https://registry.npmjs.org/node/-/node-8.3.0.tgz',
57 verbose addRemoteTarball   '478e84ffcc4be39938306ace1c4613c8231e5f44' ]
58 info retry fetch attempt 1 at 11:52:44 PM
59 info attempt registry request try #1 at 11:52:44 PM
60 http fetch GET https://registry.npmjs.org/node/-/node-8.3.0.tgz
61 http fetch 200 https://registry.npmjs.org/node/-/node-8.3.0.tgz
62 silly fetchAndShaCheck shasum 478e84ffcc4be39938306ace1c4613c8231e5f44
63 verbose addTmpTarball /tmp/npm-8506-177bafa2/registry.npmjs.org/node/-/node-8.3.0.tgz not in flight; adding
64 verbose addTmpTarball already have metadata; skipping unpack for node@8.3.0
65 silly cache afterAdd node@8.3.0
66 verbose afterAdd /home/cosmo/.npm/node/8.3.0/package/package.json not in flight; writing
67 verbose afterAdd /home/cosmo/.npm/node/8.3.0/package/package.json written
68 silly fetchNamedPackageData node-bin-setup
69 silly mapToRegistry name node-bin-setup
70 silly mapToRegistry using default registry
71 silly mapToRegistry registry https://registry.npmjs.org/
72 silly mapToRegistry uri https://registry.npmjs.org/node-bin-setup
73 verbose request uri https://registry.npmjs.org/node-bin-setup
74 verbose request no auth needed
75 info attempt registry request try #1 at 11:52:44 PM
76 http request GET https://registry.npmjs.org/node-bin-setup
77 http 200 https://registry.npmjs.org/node-bin-setup
78 verbose headers { server: 'nginx/1.10.1',
78 verbose headers   'content-type': 'application/json',
78 verbose headers   'last-modified': 'Tue, 25 Jul 2017 03:32:58 GMT',
78 verbose headers   etag: 'W/"5976bbea-1511"',
78 verbose headers   'content-encoding': 'gzip',
78 verbose headers   'cache-control': 'max-age=300',
78 verbose headers   'content-length': '1464',
78 verbose headers   'accept-ranges': 'bytes',
78 verbose headers   date: 'Mon, 04 Sep 2017 06:52:45 GMT',
78 verbose headers   via: '1.1 varnish',
78 verbose headers   age: '0',
78 verbose headers   connection: 'keep-alive',
78 verbose headers   'x-served-by': 'cache-sea1038-SEA',
78 verbose headers   'x-cache': 'MISS',
78 verbose headers   'x-cache-hits': '0',
78 verbose headers   'x-timer': 'S1504507965.002028,VS0,VE9',
78 verbose headers   vary: 'Accept-Encoding, Accept' }
79 silly get cb [ 200,
79 silly get   { server: 'nginx/1.10.1',
79 silly get     'content-type': 'application/json',
79 silly get     'last-modified': 'Tue, 25 Jul 2017 03:32:58 GMT',
79 silly get     etag: 'W/"5976bbea-1511"',
79 silly get     'content-encoding': 'gzip',
79 silly get     'cache-control': 'max-age=300',
79 silly get     'content-length': '1464',
79 silly get     'accept-ranges': 'bytes',
79 silly get     date: 'Mon, 04 Sep 2017 06:52:45 GMT',
79 silly get     via: '1.1 varnish',
79 silly get     age: '0',
79 silly get     connection: 'keep-alive',
79 silly get     'x-served-by': 'cache-sea1038-SEA',
79 silly get     'x-cache': 'MISS',
79 silly get     'x-cache-hits': '0',
79 silly get     'x-timer': 'S1504507965.002028,VS0,VE9',
79 silly get     vary: 'Accept-Encoding, Accept' } ]
80 verbose get saving node-bin-setup to /home/cosmo/.npm/registry.npmjs.org/node-bin-setup/.cache.json
81 silly resolveWithNewModule node-bin-setup@1.0.6 checking installable status
82 silly cache add args [ 'node-bin-setup@^1.0.0', null ]
83 verbose cache add spec node-bin-setup@^1.0.0
84 silly cache add parsed spec Result {
84 silly cache add   raw: 'node-bin-setup@^1.0.0',
84 silly cache add   scope: null,
84 silly cache add   name: 'node-bin-setup',
84 silly cache add   rawSpec: '^1.0.0',
84 silly cache add   spec: '>=1.0.0 <2.0.0',
84 silly cache add   type: 'range' }
85 silly addNamed node-bin-setup@>=1.0.0 <2.0.0
86 verbose addNamed ">=1.0.0 <2.0.0" is a valid semver range for node-bin-setup
87 silly addNameRange { name: 'node-bin-setup',
87 silly addNameRange   range: '>=1.0.0 <2.0.0',
87 silly addNameRange   hasData: false }
88 silly mapToRegistry name node-bin-setup
89 silly mapToRegistry using default registry
90 silly mapToRegistry registry https://registry.npmjs.org/
91 silly mapToRegistry uri https://registry.npmjs.org/node-bin-setup
92 verbose addNameRange registry:https://registry.npmjs.org/node-bin-setup not in flight; fetching
93 verbose get https://registry.npmjs.org/node-bin-setup not expired, no request
94 silly addNameRange number 2 { name: 'node-bin-setup',
94 silly addNameRange   range: '>=1.0.0 <2.0.0',
94 silly addNameRange   hasData: true }
95 silly addNameRange versions [ 'node-bin-setup',
95 silly addNameRange   [ '1.0.0', '1.0.1', '1.0.2', '1.0.3', '1.0.4', '1.0.6' ] ]
96 silly addNamed node-bin-setup@1.0.6
97 verbose addNamed "1.0.6" is a plain semver version for node-bin-setup
98 silly mapToRegistry name node-bin-setup
99 silly mapToRegistry using default registry
100 silly mapToRegistry registry https://registry.npmjs.org/
101 silly mapToRegistry uri https://registry.npmjs.org/node-bin-setup
102 verbose addRemoteTarball https://registry.npmjs.org/node-bin-setup/-/node-bin-setup-1.0.6.tgz not in flight; adding
103 verbose addRemoteTarball [ 'https://registry.npmjs.org/node-bin-setup/-/node-bin-setup-1.0.6.tgz',
103 verbose addRemoteTarball   '4b5c9bb937ece702d7069b36ca78af4684677528' ]
104 info retry fetch attempt 1 at 11:52:45 PM
105 info attempt registry request try #1 at 11:52:45 PM
106 http fetch GET https://registry.npmjs.org/node-bin-setup/-/node-bin-setup-1.0.6.tgz
107 http fetch 200 https://registry.npmjs.org/node-bin-setup/-/node-bin-setup-1.0.6.tgz
108 silly fetchAndShaCheck shasum 4b5c9bb937ece702d7069b36ca78af4684677528
109 verbose addTmpTarball /tmp/npm-8506-177bafa2/registry.npmjs.org/node-bin-setup/-/node-bin-setup-1.0.6.tgz not in flight; adding
110 verbose addTmpTarball already have metadata; skipping unpack for node-bin-setup@1.0.6
111 silly cache afterAdd node-bin-setup@1.0.6
112 verbose afterAdd /home/cosmo/.npm/node-bin-setup/1.0.6/package/package.json not in flight; writing
113 verbose afterAdd /home/cosmo/.npm/node-bin-setup/1.0.6/package/package.json written
114 silly loadAllDepsIntoIdealTree Finishing
115 silly idealTree:prePrune workspace-newton
115 silly idealTree:prePrune ├── node-bin-setup@1.0.6
115 silly idealTree:prePrune └── node@8.3.0
116 silly loadIdealTree Finishing
117 silly currentTree workspace-newton
118 silly idealTree workspace-newton
118 silly idealTree ├── node-bin-setup@1.0.6
118 silly idealTree └── node@8.3.0
119 silly generateActionsToTake Starting
120 silly install generateActionsToTake
121 silly generateActionsToTake Finishing
122 silly diffTrees action count 2
123 silly diffTrees add node-bin-setup@1.0.6
124 silly diffTrees add node@8.3.0
125 silly decomposeActions action count 16
126 silly decomposeActions fetch node-bin-setup@1.0.6
127 silly decomposeActions extract node-bin-setup@1.0.6
128 silly decomposeActions test node-bin-setup@1.0.6
129 silly decomposeActions preinstall node-bin-setup@1.0.6
130 silly decomposeActions build node-bin-setup@1.0.6
131 silly decomposeActions install node-bin-setup@1.0.6
132 silly decomposeActions postinstall node-bin-setup@1.0.6
133 silly decomposeActions finalize node-bin-setup@1.0.6
134 silly decomposeActions fetch node@8.3.0
135 silly decomposeActions extract node@8.3.0
136 silly decomposeActions test node@8.3.0
137 silly decomposeActions preinstall node@8.3.0
138 silly decomposeActions build node@8.3.0
139 silly decomposeActions install node@8.3.0
140 silly decomposeActions postinstall node@8.3.0
141 silly decomposeActions finalize node@8.3.0
142 silly executeActions Starting
143 silly install executeActions
144 silly doSerial global-install 0
145 silly doParallel fetch 2
146 verbose makeDirectory /home/cosmo/.npm/_locks creation not in flight; initializing
147 silly makeDirectory /home/cosmo/.npm/_locks uid: 1000 gid: 1000
148 verbose lock using /home/cosmo/.npm/_locks/staging-4c6984ea60494cd0.lock for /home/cosmo/Documents/Projects/workspace-newton/node_modules/.staging
149 silly doParallel extract 2
150 silly extract node-bin-setup@1.0.6
151 silly extract node@8.3.0
152 verbose unbuild node_modules/.staging/node-bin-setup-b2ba9630
153 verbose unbuild node_modules/.staging/node-c7e3352a
154 silly gentlyRm /home/cosmo/Documents/Projects/workspace-newton/node_modules/.staging/node-bin-setup-b2ba9630 is being purged from base /home/cosmo/Documents/Projects/workspace-newton
155 verbose gentlyRm don't care about contents; nuking /home/cosmo/Documents/Projects/workspace-newton/node_modules/.staging/node-bin-setup-b2ba9630
156 verbose tar unpack /home/cosmo/.npm/node-bin-setup/1.0.6/package.tgz
157 verbose tar unpacking to /home/cosmo/Documents/Projects/workspace-newton/node_modules/.staging/node-bin-setup-b2ba9630
158 silly gentlyRm /home/cosmo/Documents/Projects/workspace-newton/node_modules/.staging/node-bin-setup-b2ba9630 is being purged
159 verbose gentlyRm don't care about contents; nuking /home/cosmo/Documents/Projects/workspace-newton/node_modules/.staging/node-bin-setup-b2ba9630
160 silly gentlyRm /home/cosmo/Documents/Projects/workspace-newton/node_modules/.staging/node-c7e3352a is being purged from base /home/cosmo/Documents/Projects/workspace-newton
161 verbose gentlyRm don't care about contents; nuking /home/cosmo/Documents/Projects/workspace-newton/node_modules/.staging/node-c7e3352a
162 silly gunzTarPerm modes [ '775', '664' ]
163 verbose tar unpack /home/cosmo/.npm/node/8.3.0/package.tgz
164 verbose tar unpacking to /home/cosmo/Documents/Projects/workspace-newton/node_modules/.staging/node-c7e3352a
165 silly gentlyRm /home/cosmo/Documents/Projects/workspace-newton/node_modules/.staging/node-c7e3352a is being purged
166 verbose gentlyRm don't care about contents; nuking /home/cosmo/Documents/Projects/workspace-newton/node_modules/.staging/node-c7e3352a
167 silly gunzTarPerm modes [ '775', '664' ]
168 silly gunzTarPerm extractEntry package.json
169 silly gunzTarPerm modified mode [ 'package.json', 420, 436 ]
170 silly gunzTarPerm extractEntry package.json
171 silly gunzTarPerm modified mode [ 'package.json', 420, 436 ]
172 silly gunzTarPerm extractEntry index.js
173 silly gunzTarPerm modified mode [ 'index.js', 420, 436 ]
174 silly gunzTarPerm extractEntry README.md
175 silly gunzTarPerm modified mode [ 'README.md', 420, 436 ]
176 silly gunzTarPerm extractEntry installArchSpecificPackage.js
177 silly gunzTarPerm modified mode [ 'installArchSpecificPackage.js', 420, 436 ]
178 silly gentlyRm /home/cosmo/Documents/Projects/workspace-newton/node_modules/.staging/node-bin-setup-b2ba9630/node_modules is being purged
179 verbose gentlyRm don't care about contents; nuking /home/cosmo/Documents/Projects/workspace-newton/node_modules/.staging/node-bin-setup-b2ba9630/node_modules
180 silly gentlyRm /home/cosmo/Documents/Projects/workspace-newton/node_modules/.staging/node-c7e3352a/node_modules is being purged
181 verbose gentlyRm don't care about contents; nuking /home/cosmo/Documents/Projects/workspace-newton/node_modules/.staging/node-c7e3352a/node_modules
182 silly doParallel preinstall 2
183 silly preinstall node-bin-setup@1.0.6 /home/cosmo/Documents/Projects/workspace-newton/node_modules/.staging/node-bin-setup-b2ba9630
184 info lifecycle node-bin-setup@1.0.6~preinstall: node-bin-setup@1.0.6
185 silly preinstall node@8.3.0 /home/cosmo/Documents/Projects/workspace-newton/node_modules/.staging/node-c7e3352a
186 info lifecycle node@8.3.0~preinstall: node@8.3.0
187 silly lifecycle node-bin-setup@1.0.6~preinstall: no script for preinstall, continuing
188 verbose lifecycle node@8.3.0~preinstall: unsafe-perm in lifecycle true
189 verbose lifecycle node@8.3.0~preinstall: PATH: /usr/share/npm/bin/node-gyp-bin:/home/cosmo/Documents/Projects/workspace-newton/node_modules/.staging/node-c7e3352a/node_modules/.bin:/home/cosmo/Documents/Projects/workspace-newton/node_modules/.bin:/home/cosmo/bin:/home/cosmo/.local/bin:/home/cosmo/bin:/home/cosmo/.local/bin:/usr/local/sbin:/usr/local/bin:/usr/sbin:/usr/bin:/sbin:/bin:/usr/games:/usr/local/games:/snap/bin:/snap/bin
190 verbose lifecycle node@8.3.0~preinstall: CWD: /home/cosmo/Documents/Projects/workspace-newton/node_modules/.staging/node-c7e3352a
191 silly lifecycle node@8.3.0~preinstall: Args: [ '-c', 'node installArchSpecificPackage' ]
192 info lifecycle node@8.3.0~preinstall: Failed to exec preinstall script
193 verbose unlock done using /home/cosmo/.npm/_locks/staging-4c6984ea60494cd0.lock for /home/cosmo/Documents/Projects/workspace-newton/node_modules/.staging
194 silly rollbackFailedOptional Starting
195 silly rollbackFailedOptional Finishing
196 silly runTopLevelLifecycles Starting
197 silly runTopLevelLifecycles Finishing
198 silly install printInstalled
199 warn enoent ENOENT: no such file or directory, open '/home/cosmo/Documents/Projects/workspace-newton/package.json'
200 warn workspace-newton No description
201 warn workspace-newton No repository field.
202 warn workspace-newton No README data
203 warn workspace-newton No license field.
204 verbose stack Error: node@8.3.0 preinstall: `node installArchSpecificPackage`
204 verbose stack spawn ENOENT
204 verbose stack     at ChildProcess.<anonymous> (/usr/share/npm/lib/utils/spawn.js:17:16)
204 verbose stack     at emitTwo (events.js:87:13)
204 verbose stack     at ChildProcess.emit (events.js:172:7)
204 verbose stack     at maybeClose (internal/child_process.js:821:16)
204 verbose stack     at Process.ChildProcess._handle.onexit (internal/child_process.js:211:5)
205 verbose pkgid node@8.3.0
206 verbose cwd /home/cosmo/Documents/Projects/workspace-newton
207 error Linux 4.10.0-28-generic
208 error argv "/usr/bin/nodejs" "/usr/bin/npm" "install" "node"
209 error node v4.2.6
210 error npm  v3.5.2
211 error file sh
212 error code ELIFECYCLE
213 error errno ENOENT
214 error syscall spawn
215 error node@8.3.0 preinstall: `node installArchSpecificPackage`
215 error spawn ENOENT
216 error Failed at the node@8.3.0 preinstall script 'node installArchSpecificPackage'.
216 error Make sure you have the latest version of node.js and npm installed.
216 error If you do, this is most likely a problem with the node package,
216 error not with npm itself.
216 error Tell the author that this fails on your system:
216 error     node installArchSpecificPackage
216 error You can get information on how to open an issue for this project with:
216 error     npm bugs node
216 error Or if that isn't available, you can get their info via:
216 error     npm owner ls node
216 error There is likely additional logging output above.
217 verbose exit [ 1, true ]
